#
# There is insufficient memory for the Java Runtime Environment to continue.
# Native memory allocation (mmap) failed to map 266338304 bytes for G1 virtual space
# Possible reasons:
#   The system is out of physical RAM or swap space
#   The process is running with CompressedOops enabled, and the Java Heap may be blocking the growth of the native heap
# Possible solutions:
#   Reduce memory load on the system
#   Increase physical memory or swap space
#   Check if swap backing store is full
#   Decrease Java heap size (-Xmx/-Xms)
#   Decrease number of Java threads
#   Decrease Java thread stack sizes (-Xss)
#   Set larger code cache with -XX:ReservedCodeCacheSize=
#   JVM is running with Zero Based Compressed Oops mode in which the Java heap is
#     placed in the first 32GB address space. The Java Heap base address is the
#     maximum limit for the native heap growth. Please use -XX:HeapBaseMinAddress
#     to set the Java Heap base and to place the Java Heap above 32GB virtual address.
# This output file may be truncated or incomplete.
#
#  Out of Memory Error (os_windows.cpp:3532), pid=2164, tid=3964
#
# JRE version:  (17.0.2+8) (build )
# Java VM: Java HotSpot(TM) 64-Bit Server VM (17.0.2+8-LTS-86, mixed mode, sharing, tiered, compressed oops, compressed class ptrs, g1 gc, windows-amd64)
# No core dump will be written. Minidumps are not enabled by default on client versions of Windows
#

---------------  S U M M A R Y ------------

Command Line: -javaagent:C:\Program Files\JetBrains\IntelliJ IDEA Community Edition 2020.3.2\lib\idea_rt.jar=61587:C:\Program Files\JetBrains\IntelliJ IDEA Community Edition 2020.3.2\bin -Dfile.encoding=UTF-8 ru.vov.KteLabsApplication

Host: Intel(R) Core(TM) i7-6820HQ CPU @ 2.70GHz, 8 cores, 15G,  Windows 10 , 64 bit Build 19041 (10.0.19041.3393)
Time: Sun Sep 24 02:52:19 2023 RTZ 2 (s 10 , 64 bit Build 19041 (10.0.19041.3393) elapsed time: 0.020610 seconds (0d 0h 0m 0s)

---------------  T H R E A D  ---------------

Current thread (0x000002a8d8b74380):  JavaThread "Unknown thread" [_thread_in_vm, id=3964, stack(0x000000a9a3b00000,0x000000a9a3c00000)]

Stack: [0x000000a9a3b00000,0x000000a9a3c00000]
Native frames: (J=compiled Java code, j=interpreted, Vv=VM code, C=native code)
V  [jvm.dll+0x670baa]
V  [jvm.dll+0x7cfcb4]
V  [jvm.dll+0x7d145e]
V  [jvm.dll+0x7d1ac3]
V  [jvm.dll+0x242bc5]
V  [jvm.dll+0x66dac9]
V  [jvm.dll+0x662412]
V  [jvm.dll+0x300c0b]
V  [jvm.dll+0x3081a6]
V  [jvm.dll+0x357d0e]
V  [jvm.dll+0x357f3f]
V  [jvm.dll+0x2d7ec8]
V  [jvm.dll+0x2d8e34]
V  [jvm.dll+0x7a18c1]
V  [jvm.dll+0x365a91]
V  [jvm.dll+0x780d2c]
V  [jvm.dll+0x3e845f]
V  [jvm.dll+0x3e9f01]
C  [jli.dll+0x527b]
C  [ucrtbase.dll+0x21bb2]
C  [KERNEL32.DLL+0x17344]
C  [ntdll.dll+0x526b1]


---------------  P R O C E S S  ---------------

Threads class SMR info:
_java_thread_list=0x00007ffd96ff9858, length=0, elements={
}

Java Threads: ( => current thread )

Other Threads:
  0x000002a8d8bc3770 GCTaskThread "GC Thread#0" [stack: 0x000000a9a3c00000,0x000000a9a3d00000] [id=1068]
  0x000002a8d8bd4be0 ConcurrentGCThread "G1 Main Marker" [stack: 0x000000a9a3d00000,0x000000a9a3e00000] [id=17260]
  0x000002a8d8bd5ca0 ConcurrentGCThread "G1 Conc#0" [stack: 0x000000a9a3e00000,0x000000a9a3f00000] [id=7304]

[error occurred during error reporting (printing all threads), id 0xc0000005, EXCEPTION_ACCESS_VIOLATION (0xc0000005) at pc=0x00007ffd968488a7]

VM state: not at safepoint (not fully initialized)

VM Mutex/Monitor currently owned by a thread:  ([mutex/lock_event])
[0x000002a8d8b707e0] Heap_lock - owner thread: 0x000002a8d8b74380

Heap address: 0x0000000702c00000, size: 4052 MB, Compressed Oops mode: Zero based, Oop shift amount: 3

CDS archive(s) mapped at: [0x0000000000000000-0x0000000000000000-0x0000000000000000), size 0, SharedBaseAddress: 0x0000000800000000, ArchiveRelocationMode: 0.
Narrow klass base: 0x0000000000000000, Narrow klass shift: 0, Narrow klass range: 0x0

GC Precious Log:
<Empty>

Heap:
 garbage-first heap   total 0K, used 0K [0x0000000702c00000, 0x0000000800000000)
  region size 2048K, 0 young (0K), 0 survivors (0K)

[error occurred during error reporting (printing heap information), id 0xc0000005, EXCEPTION_ACCESS_VIOLATION (0xc0000005) at pc=0x00007ffd96c29f19]

GC Heap History (0 events):
No events

Deoptimization events (0 events):
No events

Classes unloaded (0 events):
No events

Classes redefined (0 events):
No events

Internal exceptions (0 events):
No events

VM Operations (0 events):
No events

Events (1 events):
Event: 0.013 Loaded shared library C:\Program Files\Java\jdk-17.0.2\bin\java.dll


Dynamic libraries:
0x00007ff689e80000 - 0x00007ff689e90000 	C:\Program Files\Java\jdk-17.0.2\bin\java.exe
0x00007ffde46d0000 - 0x00007ffde48c8000 	C:\WINDOWS\SYSTEM32\ntdll.dll
0x00007ffdb4930000 - 0x00007ffdb4949000 	C:\Program Files\Avast Software\Avast\aswhook.dll
0x00007ffde4040000 - 0x00007ffde40fd000 	C:\WINDOWS\System32\KERNEL32.DLL
0x00007ffde1ec0000 - 0x00007ffde21b6000 	C:\WINDOWS\System32\KERNELBASE.dll
0x00007ffde21f0000 - 0x00007ffde22f0000 	C:\WINDOWS\System32\ucrtbase.dll
0x00007ffdc23f0000 - 0x00007ffdc240a000 	C:\Program Files\Java\jdk-17.0.2\bin\VCRUNTIME140.dll
0x00007ffdc23d0000 - 0x00007ffdc23e8000 	C:\Program Files\Java\jdk-17.0.2\bin\jli.dll
0x00007ffde2e80000 - 0x00007ffde2f2e000 	C:\WINDOWS\System32\ADVAPI32.dll
0x00007ffde3640000 - 0x00007ffde36de000 	C:\WINDOWS\System32\msvcrt.dll
0x00007ffde4450000 - 0x00007ffde44ec000 	C:\WINDOWS\System32\sechost.dll
0x00007ffde2fc0000 - 0x00007ffde30e6000 	C:\WINDOWS\System32\RPCRT4.dll
0x00007ffde44f0000 - 0x00007ffde468e000 	C:\WINDOWS\System32\USER32.dll
0x00007ffde21c0000 - 0x00007ffde21e2000 	C:\WINDOWS\System32\win32u.dll
0x00007ffde4010000 - 0x00007ffde403c000 	C:\WINDOWS\System32\GDI32.dll
0x00007ffdc7e00000 - 0x00007ffdc809a000 	C:\WINDOWS\WinSxS\amd64_microsoft.windows.common-controls_6595b64144ccf1df_6.0.19041.1110_none_60b5254171f9507e\COMCTL32.dll
0x00007ffde2590000 - 0x00007ffde26aa000 	C:\WINDOWS\System32\gdi32full.dll
0x00007ffde1e20000 - 0x00007ffde1ebd000 	C:\WINDOWS\System32\msvcp_win.dll
0x00007ffdda340000 - 0x00007ffdda34a000 	C:\WINDOWS\SYSTEM32\VERSION.dll
0x00007ffde2f90000 - 0x00007ffde2fc0000 	C:\WINDOWS\System32\IMM32.DLL
0x00007ffddd7d0000 - 0x00007ffddd7dc000 	C:\Program Files\Java\jdk-17.0.2\bin\vcruntime140_1.dll
0x00007ffdbffe0000 - 0x00007ffdc006d000 	C:\Program Files\Java\jdk-17.0.2\bin\msvcp140.dll
0x00007ffd96560000 - 0x00007ffd97121000 	C:\Program Files\Java\jdk-17.0.2\bin\server\jvm.dll
0x00007ffde3d50000 - 0x00007ffde3d58000 	C:\WINDOWS\System32\PSAPI.DLL
0x00007ffdd3e60000 - 0x00007ffdd3e87000 	C:\WINDOWS\SYSTEM32\WINMM.dll
0x00007ffdc57c0000 - 0x00007ffdc57c9000 	C:\WINDOWS\SYSTEM32\WSOCK32.dll
0x00007ffde3d80000 - 0x00007ffde3deb000 	C:\WINDOWS\System32\WS2_32.dll
0x00007ffde0590000 - 0x00007ffde05a2000 	C:\WINDOWS\SYSTEM32\kernel.appcore.dll
0x00007ffdc8850000 - 0x00007ffdc885a000 	C:\Program Files\Java\jdk-17.0.2\bin\jimage.dll
0x00007ffdd6cd0000 - 0x00007ffdd6eb4000 	C:\WINDOWS\SYSTEM32\DBGHELP.DLL
0x00007ffdd68e0000 - 0x00007ffdd6914000 	C:\WINDOWS\SYSTEM32\dbgcore.DLL
0x00007ffde2450000 - 0x00007ffde24d2000 	C:\WINDOWS\System32\bcryptPrimitives.dll
0x00007ffddbb90000 - 0x00007ffddbb9e000 	C:\Program Files\Java\jdk-17.0.2\bin\instrument.dll
0x00007ffdc0740000 - 0x00007ffdc0765000 	C:\Program Files\Java\jdk-17.0.2\bin\java.dll

dbghelp: loaded successfully - version: 4.0.5 - missing functions: none
symbol engine: initialized successfully - sym options: 0x614 - pdb path: .;C:\Program Files\Java\jdk-17.0.2\bin;C:\WINDOWS\SYSTEM32;C:\Program Files\Avast Software\Avast;C:\WINDOWS\WinSxS\amd64_microsoft.windows.common-controls_6595b64144ccf1df_6.0.19041.1110_none_60b5254171f9507e;C:\Program Files\Java\jdk-17.0.2\bin\server

VM Arguments:
jvm_args: -javaagent:C:\Program Files\JetBrains\IntelliJ IDEA Community Edition 2020.3.2\lib\idea_rt.jar=61587:C:\Program Files\JetBrains\IntelliJ IDEA Community Edition 2020.3.2\bin -Dfile.encoding=UTF-8 
java_command: ru.vov.KteLabsApplication
java_class_path (initial): C:\projects\kte-labs\target\classes;C:\Users\Пользователь\.m2\repository\org\springframework\boot\spring-boot-starter-data-jpa\3.1.3\spring-boot-starter-data-jpa-3.1.3.jar;C:\Users\Пользователь\.m2\repository\org\springframework\boot\spring-boot-starter-aop\3.1.3\spring-boot-starter-aop-3.1.3.jar;C:\Users\Пользователь\.m2\repository\org\springframework\spring-aop\6.0.11\spring-aop-6.0.11.jar;C:\Users\Пользователь\.m2\repository\org\aspectj\aspectjweaver\1.9.20\aspectjweaver-1.9.20.jar;C:\Users\Пользователь\.m2\repository\org\springframework\boot\spring-boot-starter-jdbc\3.1.3\spring-boot-starter-jdbc-3.1.3.jar;C:\Users\Пользователь\.m2\repository\com\zaxxer\HikariCP\5.0.1\HikariCP-5.0.1.jar;C:\Users\Пользователь\.m2\repository\org\springframework\spring-jdbc\6.0.11\spring-jdbc-6.0.11.jar;C:\Users\Пользователь\.m2\repository\org\hibernate\orm\hibernate-core\6.2.7.Final\hibernate-core-6.2.7.Final.jar;C:\Users\Пользователь\.m2\repository\jakarta\persistence\jakarta.persistence-api\3.1.0\jakarta.persistence-api-3.1.0.jar;C:\Users\Пользователь\.m2\repository\jakarta\transaction\jakarta.transaction-api\2.0.1\jakarta.transaction-api-2.0.1.jar;C:\Users\Пользователь\.m2\repository\org\jboss\logging\jboss-logging\3.5.3.Final\jboss-logging-3.5.3.Final.jar;C:\Users\Пользователь\.m2\repository\org\hibernate\common\hibernate-commons-annotations\6.0.6.Final\hibernate-commons-annotations-6.0.6.Final.jar;C:\Users\Пользователь\.m2\repository\io\smallrye\jandex\3.0.5\jandex-3.0.5.jar;C:\Users\Пользователь\.m2\repository\com\fasterxml\classmate\1.5.1\classmate-1.5.1.jar;C:\Users\Пользователь\.m2\repository\net\bytebuddy\byte-buddy\1.14.6\byte-buddy-1.14.6.jar;C:\Users\Пользователь\.m2\repository\org\glassfish\jaxb\jaxb-runtime\4.0.3\jaxb-runtime-4.0.3.jar;C:\Users\Пользователь\.m2\repository\org\glassfish\jaxb\jaxb-core\4.0.3\jaxb-core-4.0.3.jar;C:\Users\Пользователь\.m2\repository\org\glassfish\jaxb\txw2\4.0.3\txw2-4.0.3.jar;C:\Users\Пользователь\.m2\repos
Launcher Type: SUN_STANDARD

[Global flags]
     intx CICompilerCount                          = 4                                         {product} {ergonomic}
     uint ConcGCThreads                            = 2                                         {product} {ergonomic}
     uint G1ConcRefinementThreads                  = 8                                         {product} {ergonomic}
   size_t G1HeapRegionSize                         = 2097152                                   {product} {ergonomic}
    uintx GCDrainStackTargetSize                   = 64                                        {product} {ergonomic}
   size_t InitialHeapSize                          = 266338304                                 {product} {ergonomic}
   size_t MarkStackSize                            = 4194304                                   {product} {ergonomic}
   size_t MaxHeapSize                              = 4248829952                                {product} {ergonomic}
   size_t MinHeapDeltaBytes                        = 2097152                                   {product} {ergonomic}
   size_t MinHeapSize                              = 8388608                                   {product} {ergonomic}
    uintx NonNMethodCodeHeapSize                   = 5839372                                {pd product} {ergonomic}
    uintx NonProfiledCodeHeapSize                  = 122909434                              {pd product} {ergonomic}
    uintx ProfiledCodeHeapSize                     = 122909434                              {pd product} {ergonomic}
    uintx ReservedCodeCacheSize                    = 251658240                              {pd product} {ergonomic}
     bool SegmentedCodeCache                       = true                                      {product} {ergonomic}
   size_t SoftMaxHeapSize                          = 4248829952                             {manageable} {ergonomic}
     bool UseCompressedClassPointers               = true                           {product lp64_product} {ergonomic}
     bool UseCompressedOops                        = true                           {product lp64_product} {ergonomic}
     bool UseG1GC                                  = true                                      {product} {ergonomic}
     bool UseLargePagesIndividualAllocation        = false                                  {pd product} {ergonomic}

Logging:
Log output configuration:
 #0: stdout all=warning uptime,level,tags
 #1: stderr all=off uptime,level,tags

Environment Variables:
JAVA_HOME=C:\Program Files\Java\jdk-17.0.2
PATH=C:\Program Files (x86)\VMware\VMware Player\bin\;C:\Program Files\Common Files\Oracle\Java\javapath;C:\Program Files (x86)\Common Files\Oracle\Java\javapath;C:\Program Files\Java\jdk-15.0.2\bin;C:\WINDOWS\system32;C:\WINDOWS;C:\WINDOWS\System32\Wbem;C:\WINDOWS\System32\WindowsPowerShell\v1.0\;C:\WINDOWS\System32\OpenSSH\;C:\Program Files (x86)\Intel\Intel(R) Management Engine Components\DAL;C:\Program Files\Intel\Intel(R) Management Engine Components\DAL;C:\Program Files\Git\cmd;C:\Program Files\Java\jdk-17.0.2\bin;;C:\Program Files\Docker\Docker\resources\bin;C:\Users\Пользователь\AppData\Local\Microsoft\WindowsApps;
USERNAME=Пользователь
OS=Windows_NT
PROCESSOR_IDENTIFIER=Intel64 Family 6 Model 94 Stepping 3, GenuineIntel



---------------  S Y S T E M  ---------------

OS:
 Windows 10 , 64 bit Build 19041 (10.0.19041.3393)
OS uptime: 0 days 8:16 hours
Hyper-V role detected

CPU: total 8 (initial active 8) (4 cores per cpu, 2 threads per core) family 6 model 94 stepping 3 microcode 0xcc, cx8, cmov, fxsr, ht, mmx, 3dnowpref, sse, sse2, sse3, ssse3, sse4.1, sse4.2, popcnt, lzcnt, tsc, tscinvbit, avx, avx2, aes, erms, clmul, bmi1, bmi2, rtm, adx, fma, vzeroupper, clflush, clflushopt, hv

Memory: 4k page, system-wide physical 16206M (2409M free)
TotalPageFile size 16206M (AvailPageFile size 132M)
current process WorkingSet (physical memory assigned to process): 10M, peak: 10M
current process commit charge ("private bytes"): 60M, peak: 314M

vm_info: Java HotSpot(TM) 64-Bit Server VM (17.0.2+8-LTS-86) for windows-amd64 JRE (17.0.2+8-LTS-86), built on Dec  7 2021 21:51:03 by "mach5one" with MS VC++ 16.8 / 16.9 (VS2019)

END.
